<?xml version="1.0" encoding="UTF-8"?>
<testng-results skipped="0" failed="0" ignored="0" total="2" passed="2">
  <reporter-output>
  </reporter-output>
  <suite name="Default suite" duration-ms="130595" started-at="2019-09-09T08:16:37Z" finished-at="2019-09-09T08:18:48Z">
    <groups>
    </groups>
    <test name="Default test" duration-ms="130595" started-at="2019-09-09T08:16:37Z" finished-at="2019-09-09T08:18:48Z">
      <class name="com.taxi.user.test.Userlogintest">
        <test-method status="PASS" signature="baseclass()[pri:0, instance:com.taxi.user.test.Userlogintest@1e397ed7]" name="baseclass" is-config="true" duration-ms="12122" started-at="2019-09-09T08:16:37Z" finished-at="2019-09-09T08:16:49Z">
          <reporter-output>
          </reporter-output>
        </test-method> <!-- baseclass -->
        <test-method status="PASS" signature="userlogin()[pri:0, instance:com.taxi.user.test.Userlogintest@1e397ed7]" name="userlogin" duration-ms="34811" started-at="2019-09-09T08:16:49Z" finished-at="2019-09-09T08:17:24Z">
          <reporter-output>
          </reporter-output>
        </test-method> <!-- userlogin -->
        <test-method status="PASS" signature="AddDepartingFlight()[pri:1, instance:com.taxi.user.test.Userlogintest@1e397ed7]" name="AddDepartingFlight" duration-ms="83637" started-at="2019-09-09T08:17:24Z" finished-at="2019-09-09T08:18:48Z">
          <reporter-output>
          </reporter-output>
        </test-method> <!-- AddDepartingFlight -->
      </class> <!-- com.taxi.user.test.Userlogintest -->
    </test> <!-- Default test -->
  </suite> <!-- Default suite -->
</testng-results>
